0 info it worked if it ends with ok
1 verbose cli [ 'C:\\Program Files (x86)\\Microsoft Visual Studio\\2017\\Enterprise\\Web\\External\\Node.exe',
1 verbose cli   'C:\\Program Files (x86)\\Microsoft Visual Studio\\2017\\Enterprise\\Web\\External\\node_modules\\npm\\bin\\npm-cli.js',
1 verbose cli   'run',
1 verbose cli   'test',
1 verbose cli   '--color=always' ]
2 info using npm@3.3.4
3 info using node@v5.4.1
4 verbose run-script [ 'pretest', 'test', 'posttest' ]
5 info lifecycle MVCVue@1.0.0~pretest: MVCVue@1.0.0
6 silly lifecycle MVCVue@1.0.0~pretest: no script for pretest, continuing
7 info lifecycle MVCVue@1.0.0~test: MVCVue@1.0.0
8 verbose lifecycle MVCVue@1.0.0~test: unsafe-perm in lifecycle true
9 verbose lifecycle MVCVue@1.0.0~test: PATH: C:\Program Files (x86)\Microsoft Visual Studio\2017\Enterprise\Web\External\node_modules\npm\bin\node-gyp-bin;E:\DotNetProjects\DemoVueMvc\Vue-MVC-Example\node_modules\.bin;.\node_modules\.bin;C:\Program Files (x86)\Microsoft Visual Studio\2017\Enterprise\Web\External;C:\WINDOWS\system32;C:\WINDOWS;C:\WINDOWS\System32\Wbem;C:\WINDOWS\System32\WindowsPowerShell\v1.0\;C:\Program Files\Microsoft SQL Server\130\Tools\Binn\;C:\Program Files\dotnet\;C:\Program Files\Git\cmd;C:\Program Files (x86)\Skype\Phone\;C:\Program Files\nodejs\;C:\Users\Faris\AppData\Local\Microsoft\WindowsApps;C:\Program Files\Microsoft VS Code\bin;C:\Users\Faris\AppData\Roaming\npm;C:\Program Files (x86)\Microsoft Visual Studio\2017\Enterprise\Common7\IDE\CommonExtensions\Microsoft\TeamFoundation\Team Explorer\Git\cmd;C:\Program Files (x86)\Microsoft Visual Studio\2017\Enterprise\Common7\IDE\CommonExtensions\Microsoft\TeamFoundation\Team Explorer\Git\mingw32\bin
10 verbose lifecycle MVCVue@1.0.0~test: CWD: E:\DotNetProjects\DemoVueMvc\Vue-MVC-Example
11 silly lifecycle MVCVue@1.0.0~test: Args: [ '/d /s /c', 'npm run unit' ]
12 silly lifecycle MVCVue@1.0.0~test: Returned: code: 1  signal: null
13 info lifecycle MVCVue@1.0.0~test: Failed to exec test script
14 verbose stack Error: MVCVue@1.0.0 test: `npm run unit`
14 verbose stack Exit status 1
14 verbose stack     at EventEmitter.<anonymous> (C:\Program Files (x86)\Microsoft Visual Studio\2017\Enterprise\Web\External\node_modules\npm\lib\utils\lifecycle.js:233:16)
14 verbose stack     at emitTwo (events.js:87:13)
14 verbose stack     at EventEmitter.emit (events.js:172:7)
14 verbose stack     at ChildProcess.<anonymous> (C:\Program Files (x86)\Microsoft Visual Studio\2017\Enterprise\Web\External\node_modules\npm\lib\utils\spawn.js:24:14)
14 verbose stack     at emitTwo (events.js:87:13)
14 verbose stack     at ChildProcess.emit (events.js:172:7)
14 verbose stack     at maybeClose (internal/child_process.js:821:16)
14 verbose stack     at Process.ChildProcess._handle.onexit (internal/child_process.js:211:5)
15 verbose pkgid MVCVue@1.0.0
16 verbose cwd E:\DotNetProjects\DemoVueMvc\Vue-MVC-Example
17 error Windows_NT 10.0.15063
18 error argv "C:\\Program Files (x86)\\Microsoft Visual Studio\\2017\\Enterprise\\Web\\External\\Node.exe" "C:\\Program Files (x86)\\Microsoft Visual Studio\\2017\\Enterprise\\Web\\External\\node_modules\\npm\\bin\\npm-cli.js" "run" "test" "--color=always"
19 error node v5.4.1
20 error npm  v3.3.4
21 error code ELIFECYCLE
22 error MVCVue@1.0.0 test: `npm run unit`
22 error Exit status 1
23 error Failed at the MVCVue@1.0.0 test script 'npm run unit'.
23 error This is most likely a problem with the MVCVue package,
23 error not with npm itself.
23 error Tell the author that this fails on your system:
23 error     npm run unit
23 error You can get their info via:
23 error     npm owner ls MVCVue
23 error There is likely additional logging output above.
24 verbose exit [ 1, true ]
